<?xml version="1.0" encoding="UTF-8"?>
<testng-results ignored="0" total="4" passed="4" failed="0" skipped="0">
  <reporter-output>
  </reporter-output>
  <suite started-at="2023-08-07T21:43:57 IST" name="Default suite" finished-at="2023-08-07T21:44:46 IST" duration-ms="49143">
    <groups>
      <group name="regrassion">
        <method signature="CreateOrganisationTest.create(java.lang.String)[pri:0, instance:customerContactTest.CreateOrganisationTest@5b12b668]" name="create" class="customerContactTest.CreateOrganisationTest"/>
      </group> <!-- regrassion -->
      <group name="smoke">
        <method signature="CreateOrganisationTest.create(java.lang.String)[pri:0, instance:customerContactTest.CreateOrganisationTest@5b12b668]" name="create" class="customerContactTest.CreateOrganisationTest"/>
      </group> <!-- smoke -->
    </groups>
    <test started-at="2023-08-07T21:43:57 IST" name="Default test" finished-at="2023-08-07T21:44:46 IST" duration-ms="49143">
      <class name="customerContactTest.CreateOrganisationTest">
        <test-method is-config="true" signature="BSconfig()[pri:0, instance:customerContactTest.CreateOrganisationTest@5b12b668]" started-at="2023-08-07T21:43:57 IST" name="BSconfig" finished-at="2023-08-07T21:43:57 IST" duration-ms="7" status="PASS">
          <reporter-output>
          </reporter-output>
        </test-method> <!-- BSconfig -->
        <test-method is-config="true" signature="BCconfig()[pri:0, instance:customerContactTest.CreateOrganisationTest@5b12b668]" started-at="2023-08-07T21:43:57 IST" name="BCconfig" finished-at="2023-08-07T21:44:00 IST" duration-ms="2763" status="PASS">
          <reporter-output>
          </reporter-output>
        </test-method> <!-- BCconfig -->
        <test-method is-config="true" signature="BMconfig()[pri:0, instance:customerContactTest.CreateOrganisationTest@5b12b668]" started-at="2023-08-07T21:44:00 IST" name="BMconfig" finished-at="2023-08-07T21:44:02 IST" duration-ms="1989" status="PASS">
          <reporter-output>
          </reporter-output>
        </test-method> <!-- BMconfig -->
        <test-method signature="create(java.lang.String)[pri:0, instance:customerContactTest.CreateOrganisationTest@5b12b668]" started-at="2023-08-07T21:44:02 IST" name="create" data-provider="getMultiple" finished-at="2023-08-07T21:44:07 IST" duration-ms="4728" status="PASS">
          <params>
            <param index="0">
              <value>
                <![CDATA[skl]]>
              </value>
            </param>
          </params>
          <reporter-output>
          </reporter-output>
        </test-method> <!-- create -->
        <test-method is-config="true" signature="AMconfig()[pri:0, instance:customerContactTest.CreateOrganisationTest@5b12b668]" started-at="2023-08-07T21:44:07 IST" name="AMconfig" finished-at="2023-08-07T21:44:12 IST" duration-ms="4671" status="PASS">
          <reporter-output>
          </reporter-output>
        </test-method> <!-- AMconfig -->
        <test-method is-config="true" signature="BMconfig()[pri:0, instance:customerContactTest.CreateOrganisationTest@5b12b668]" started-at="2023-08-07T21:44:12 IST" name="BMconfig" finished-at="2023-08-07T21:44:13 IST" duration-ms="1904" status="PASS">
          <reporter-output>
          </reporter-output>
        </test-method> <!-- BMconfig -->
        <test-method signature="create(java.lang.String)[pri:0, instance:customerContactTest.CreateOrganisationTest@5b12b668]" started-at="2023-08-07T21:44:13 IST" name="create" data-provider="getMultiple" finished-at="2023-08-07T21:44:18 IST" duration-ms="4627" status="PASS">
          <params>
            <param index="0">
              <value>
                <![CDATA[joburg]]>
              </value>
            </param>
          </params>
          <reporter-output>
          </reporter-output>
        </test-method> <!-- create -->
        <test-method is-config="true" signature="AMconfig()[pri:0, instance:customerContactTest.CreateOrganisationTest@5b12b668]" started-at="2023-08-07T21:44:18 IST" name="AMconfig" finished-at="2023-08-07T21:44:23 IST" duration-ms="4596" status="PASS">
          <reporter-output>
          </reporter-output>
        </test-method> <!-- AMconfig -->
        <test-method is-config="true" signature="BMconfig()[pri:0, instance:customerContactTest.CreateOrganisationTest@5b12b668]" started-at="2023-08-07T21:44:23 IST" name="BMconfig" finished-at="2023-08-07T21:44:25 IST" duration-ms="1812" status="PASS">
          <reporter-output>
          </reporter-output>
        </test-method> <!-- BMconfig -->
        <test-method signature="create(java.lang.String)[pri:0, instance:customerContactTest.CreateOrganisationTest@5b12b668]" started-at="2023-08-07T21:44:25 IST" name="create" data-provider="getMultiple" finished-at="2023-08-07T21:44:29 IST" duration-ms="4800" status="PASS">
          <params>
            <param index="0">
              <value>
                <![CDATA[zeus]]>
              </value>
            </param>
          </params>
          <reporter-output>
          </reporter-output>
        </test-method> <!-- create -->
        <test-method is-config="true" signature="AMconfig()[pri:0, instance:customerContactTest.CreateOrganisationTest@5b12b668]" started-at="2023-08-07T21:44:29 IST" name="AMconfig" finished-at="2023-08-07T21:44:34 IST" duration-ms="4881" status="PASS">
          <reporter-output>
          </reporter-output>
        </test-method> <!-- AMconfig -->
        <test-method is-config="true" signature="BMconfig()[pri:0, instance:customerContactTest.CreateOrganisationTest@5b12b668]" started-at="2023-08-07T21:44:34 IST" name="BMconfig" finished-at="2023-08-07T21:44:36 IST" duration-ms="1923" status="PASS">
          <reporter-output>
          </reporter-output>
        </test-method> <!-- BMconfig -->
        <test-method signature="create(java.lang.String)[pri:0, instance:customerContactTest.CreateOrganisationTest@5b12b668]" started-at="2023-08-07T21:44:36 IST" name="create" data-provider="getMultiple" finished-at="2023-08-07T21:44:41 IST" duration-ms="4610" status="PASS">
          <params>
            <param index="0">
              <value>
                <![CDATA[jango]]>
              </value>
            </param>
          </params>
          <reporter-output>
          </reporter-output>
        </test-method> <!-- create -->
        <test-method is-config="true" signature="AMconfig()[pri:0, instance:customerContactTest.CreateOrganisationTest@5b12b668]" started-at="2023-08-07T21:44:41 IST" name="AMconfig" finished-at="2023-08-07T21:44:46 IST" duration-ms="4753" status="PASS">
          <reporter-output>
          </reporter-output>
        </test-method> <!-- AMconfig -->
        <test-method is-config="true" signature="ACconfig()[pri:0, instance:customerContactTest.CreateOrganisationTest@5b12b668]" started-at="2023-08-07T21:44:46 IST" name="ACconfig" finished-at="2023-08-07T21:44:46 IST" duration-ms="193" status="PASS">
          <reporter-output>
          </reporter-output>
        </test-method> <!-- ACconfig -->
        <test-method is-config="true" signature="ASconfig()[pri:0, instance:customerContactTest.CreateOrganisationTest@5b12b668]" started-at="2023-08-07T21:44:46 IST" name="ASconfig" finished-at="2023-08-07T21:44:46 IST" duration-ms="1" status="PASS">
          <reporter-output>
          </reporter-output>
        </test-method> <!-- ASconfig -->
      </class> <!-- customerContactTest.CreateOrganisationTest -->
    </test> <!-- Default test -->
  </suite> <!-- Default suite -->
</testng-results>
