<?xml version="1.0" encoding="UTF-8"?>
<!-- Generated by org.testng.reporters.JUnitXMLReporter -->
<testsuite ignored="0" hostname="JustCODE" failures="0" tests="4" name="Default test" time="49.143" errors="0" timestamp="2023-08-07T21:44:46 IST">
  <testcase classname="customerContactTest.CreateOrganisationTest" name="create" time="4.728"/>
  <testcase classname="customerContactTest.CreateOrganisationTest" name="create" time="4.627"/>
  <testcase classname="customerContactTest.CreateOrganisationTest" name="create" time="4.8"/>
  <testcase classname="customerContactTest.CreateOrganisationTest" name="create" time="4.61"/>
</testsuite> <!-- Default test -->
